<?xml version="1.0" encoding="UTF-8"?>
<!-- Generated by org.testng.reporters.JUnitReportReporter -->
<testsuite hostname="DESKTOP-S5RPUEQ" failures="0" tests="2" name="junkines.classA_test" time="0.025" errors="0" timestamp="2024-01-03T10:15:32 IST" skipped="0">
  <testcase classname="junkines.classA_test" name="test1" time="0.022"/>
  <system-out/>
  <testcase classname="junkines.classA_test" name="test2" time="0.003"/>
  <system-out/>
</testsuite> <!-- junkines.classA_test -->
