<?xml version="1.0" encoding="UTF-8"?>
<!-- Generated by org.testng.reporters.JUnitReportReporter -->
<testsuite hostname="DESKTOP-S5RPUEQ" failures="0" tests="1" name="javapractice.brokenLikn" time="76.161" errors="0" timestamp="2023-12-30T17:39:16 IST" skipped="0">
  <testcase classname="javapractice.brokenLikn" name="brokenlink" time="76.161"/>
  <system-out/>
</testsuite> <!-- javapractice.brokenLikn -->
