<?xml version="1.0" encoding="UTF-8"?>
<!-- Generated by org.testng.reporters.JUnitReportReporter -->
<testsuite hostname="DESKTOP-S5RPUEQ" failures="0" tests="1" name="javapractice.StringProgram" time="0.011" errors="0" timestamp="2023-12-29T17:29:56 IST" skipped="0">
  <testcase classname="javapractice.StringProgram" name="changeUppercaseforalternativechar" time="0.011"/>
  <system-out/>
</testsuite> <!-- javapractice.StringProgram -->
