<?xml version="1.0" encoding="UTF-8"?>
<!-- Generated by org.testng.reporters.JUnitReportReporter -->
<testsuite hostname="DESKTOP-S5RPUEQ" failures="0" tests="1" name="javapractice.printSysDate" time="0.069" errors="0" timestamp="2023-12-29T16:20:46 IST" skipped="0">
  <testcase classname="javapractice.printSysDate" name="sysData" time="0.069"/>
  <system-out/>
</testsuite> <!-- javapractice.printSysDate -->
