<?xml version="1.0" encoding="UTF-8"?>
<!-- Generated by org.testng.reporters.JUnitReportReporter -->
<testsuite hostname="DESKTOP-S5RPUEQ" failures="0" tests="2" name="junkines.A" time="0.026" errors="0" timestamp="2024-01-03T11:14:09 IST" skipped="0">
  <testcase classname="junkines.A" name="test1" time="0.022"/>
  <system-out/>
  <testcase classname="junkines.A" name="test2" time="0.004"/>
  <system-out/>
</testsuite> <!-- junkines.A -->
