<?xml version="1.0" encoding="UTF-8"?>
<!-- Generated by org.testng.reporters.JUnitReportReporter -->
<testsuite hostname="DESKTOP-S5RPUEQ" failures="0" tests="1" name="javapractice.senarieo" time="12.427" errors="0" timestamp="2024-01-02T12:27:10 IST" skipped="0">
  <testcase classname="javapractice.senarieo" name="youtubesong" time="12.427"/>
  <system-out/>
</testsuite> <!-- javapractice.senarieo -->
