<?xml version="1.0" encoding="UTF-8"?>
<!-- Generated by org.testng.reporters.JUnitReportReporter -->
<testsuite hostname="DESKTOP-S5RPUEQ" failures="0" tests="2" name="junkines.classc_test" time="0.022" errors="0" timestamp="2024-01-03T10:23:45 IST" skipped="0">
  <testcase classname="junkines.classc_test" name="testc2" time="0.003"/>
  <system-out/>
  <testcase classname="junkines.classc_test" name="testc1" time="0.019"/>
  <system-out/>
</testsuite> <!-- junkines.classc_test -->
